0 info it worked if it ends with ok
1 verbose cli [ '/usr/local/bin/node', '/usr/local/bin/npm', 'run', 'test' ]
2 info using npm@4.1.2
3 info using node@v7.7.3
4 verbose run-script [ 'pretest', 'test', 'posttest' ]
5 info lifecycle craigslist@0.1.4~pretest: craigslist@0.1.4
6 silly lifecycle craigslist@0.1.4~pretest: no script for pretest, continuing
7 info lifecycle craigslist@0.1.4~test: craigslist@0.1.4
8 verbose lifecycle craigslist@0.1.4~test: unsafe-perm in lifecycle true
9 verbose lifecycle craigslist@0.1.4~test: PATH: /usr/local/lib/node_modules/npm/bin/node-gyp-bin:/Users/cc123/Documents/myprojects/craigslist/node_modules/.bin:/usr/local/bin:/usr/bin:/bin:/usr/sbin:/sbin
10 verbose lifecycle craigslist@0.1.4~test: CWD: /Users/cc123/Documents/myprojects/craigslist
11 silly lifecycle craigslist@0.1.4~test: Args: [ '-c', 'jest' ]
12 silly lifecycle craigslist@0.1.4~test: Returned: code: 1  signal: null
13 info lifecycle craigslist@0.1.4~test: Failed to exec test script
14 verbose stack Error: craigslist@0.1.4 test: `jest`
14 verbose stack Exit status 1
14 verbose stack     at EventEmitter.<anonymous> (/usr/local/lib/node_modules/npm/lib/utils/lifecycle.js:279:16)
14 verbose stack     at emitTwo (events.js:106:13)
14 verbose stack     at EventEmitter.emit (events.js:194:7)
14 verbose stack     at ChildProcess.<anonymous> (/usr/local/lib/node_modules/npm/lib/utils/spawn.js:40:14)
14 verbose stack     at emitTwo (events.js:106:13)
14 verbose stack     at ChildProcess.emit (events.js:194:7)
14 verbose stack     at maybeClose (internal/child_process.js:899:16)
14 verbose stack     at Process.ChildProcess._handle.onexit (internal/child_process.js:226:5)
15 verbose pkgid craigslist@0.1.4
16 verbose cwd /Users/cc123/Documents/myprojects/craigslist
17 error Darwin 15.6.0
18 error argv "/usr/local/bin/node" "/usr/local/bin/npm" "run" "test"
19 error node v7.7.3
20 error npm  v4.1.2
21 error code ELIFECYCLE
22 error craigslist@0.1.4 test: `jest`
22 error Exit status 1
23 error Failed at the craigslist@0.1.4 test script 'jest'.
23 error Make sure you have the latest version of node.js and npm installed.
23 error If you do, this is most likely a problem with the craigslist package,
23 error not with npm itself.
23 error Tell the author that this fails on your system:
23 error     jest
23 error You can get information on how to open an issue for this project with:
23 error     npm bugs craigslist
23 error Or if that isn't available, you can get their info via:
23 error     npm owner ls craigslist
23 error There is likely additional logging output above.
24 verbose exit [ 1, true ]
